TN:
SF:/home/n_rybitskyi/git/avra-vue-front/src/components/HelloWorld.vue
FNF:0
FNH:0
DA:90,1
LF:1
LH:1
BRF:0
BRH:0
end_of_record
TN:
SF:/home/n_rybitskyi/git/avra-vue-front/src/components/Login.vue
FN:46,(anonymous_0)
FN:47,(anonymous_1)
FNF:2
FNH:0
FNDA:0,(anonymous_0)
FNDA:0,(anonymous_1)
DA:21,1
DA:31,1
DA:34,0
DA:38,1
DA:39,0
DA:40,0
DA:44,0
DA:46,0
DA:47,0
DA:48,0
DA:49,0
DA:52,0
DA:53,0
DA:54,0
DA:56,0
DA:57,0
DA:58,0
DA:59,0
DA:63,0
DA:64,0
DA:65,0
LF:21
LH:3
BRDA:38,0,0,0
BRDA:38,0,1,0
BRDA:40,1,0,0
BRDA:40,1,1,0
BRDA:52,2,0,0
BRDA:52,2,1,0
BRDA:59,3,0,0
BRDA:59,3,1,0
BRF:8
BRH:0
end_of_record
TN:
SF:/home/n_rybitskyi/git/avra-vue-front/src/App.vue
FNF:0
FNH:0
DA:31,0
DA:34,0
DA:38,0
DA:39,0
DA:40,0
LF:5
LH:0
BRDA:39,0,0,0
BRDA:39,0,1,0
BRDA:39,1,0,0
BRDA:39,1,1,0
BRF:4
BRH:0
end_of_record
TN:
SF:/home/n_rybitskyi/git/avra-vue-front/src/components/Navbar.vue
FNF:0
FNH:0
LF:0
LH:0
BRF:0
BRH:0
end_of_record
TN:
SF:/home/n_rybitskyi/git/avra-vue-front/src/components/Foot.vue
FNF:0
FNH:0
LF:0
LH:0
BRF:0
BRH:0
end_of_record
TN:
SF:/home/n_rybitskyi/git/avra-vue-front/src/backend/vue-axios/index.js
FNF:0
FNH:0
DA:6,1
LF:1
LH:1
BRF:0
BRH:0
end_of_record
TN:
SF:/home/n_rybitskyi/git/avra-vue-front/src/backend/vue-axios/axios.js
FNF:0
FNH:0
DA:5,1
LF:1
LH:1
BRDA:5,0,0,1
BRDA:5,0,1,1
BRF:2
BRH:2
end_of_record
TN:
SF:/home/n_rybitskyi/git/avra-vue-front/src/components/Avra.vue
FNF:0
FNH:0
DA:62,0
LF:1
LH:0
BRF:0
BRH:0
end_of_record
TN:
SF:/home/n_rybitskyi/git/avra-vue-front/src/components/Logout.vue
FNF:0
FNH:0
DA:8,0
DA:9,0
DA:10,0
LF:3
LH:0
BRF:0
BRH:0
end_of_record
TN:
SF:/home/n_rybitskyi/git/avra-vue-front/src/components/Profile.vue
FN:54,(anonymous_0)
FN:66,(anonymous_1)
FN:67,(anonymous_2)
FN:74,(anonymous_3)
FN:78,(anonymous_4)
FN:91,(anonymous_5)
FN:95,(anonymous_6)
FNF:7
FNH:0
FNDA:0,(anonymous_0)
FNDA:0,(anonymous_1)
FNDA:0,(anonymous_2)
FNDA:0,(anonymous_3)
FNDA:0,(anonymous_4)
FNDA:0,(anonymous_5)
FNDA:0,(anonymous_6)
DA:46,0
DA:59,0
DA:64,0
DA:66,0
DA:68,0
DA:72,0
DA:75,0
DA:76,0
DA:79,0
DA:83,0
DA:86,0
DA:89,0
DA:92,0
DA:93,0
DA:96,0
LF:15
LH:0
BRF:0
BRH:0
end_of_record
TN:
SF:/home/n_rybitskyi/git/avra-vue-front/src/models/User.js
FN:6,(anonymous_0)
FN:20,(anonymous_1)
FNF:2
FNH:1
FNDA:1,(anonymous_0)
FNDA:0,(anonymous_1)
DA:7,1
DA:9,1
DA:13,0
DA:16,1
DA:21,0
DA:23,0
LF:6
LH:3
BRF:0
BRH:0
end_of_record
TN:
SF:/home/n_rybitskyi/git/avra-vue-front/src/router/index.js
FNF:0
FNH:0
DA:9,1
LF:1
LH:1
BRF:0
BRH:0
end_of_record
TN:
SF:/home/n_rybitskyi/git/avra-vue-front/src/store/index.js
FNF:0
FNH:0
DA:6,1
LF:1
LH:1
BRF:0
BRH:0
end_of_record
TN:
SF:/home/n_rybitskyi/git/avra-vue-front/src/store/auth.js
FNF:0
FNH:0
DA:6,1
DA:10,1
DA:12,0
DA:15,0
DA:19,1
DA:21,0
DA:25,1
DA:27,0
DA:31,0
LF:9
LH:4
BRF:0
BRH:0
end_of_record
TN:
SF:/home/n_rybitskyi/git/avra-vue-front/src/store/mutation-types.js
FNF:0
FNH:0
DA:1,1
DA:2,1
LF:2
LH:2
BRF:0
BRH:0
end_of_record
